Performing C SOURCE FILE Test CMAKE_HAVE_LIBC_PTHREAD failed with the following output:
Change Dir: /home/mrdragon/Code/C/DIPlab3/cmake-build-debug/CMakeFiles/CMakeTmp

Run Build Command(s):/usr/bin/gmake cmTC_b47b7/fast && /usr/bin/gmake  -f CMakeFiles/cmTC_b47b7.dir/build.make CMakeFiles/cmTC_b47b7.dir/build
gmake[1]: Entering directory '/home/mrdragon/Code/C/DIPlab3/cmake-build-debug/CMakeFiles/CMakeTmp'
Building C object CMakeFiles/cmTC_b47b7.dir/src.c.o
/usr/bin/cc   -fPIC -DCMAKE_HAVE_LIBC_PTHREAD   -o CMakeFiles/cmTC_b47b7.dir/src.c.o   -c /home/mrdragon/Code/C/DIPlab3/cmake-build-debug/CMakeFiles/CMakeTmp/src.c
Linking C executable cmTC_b47b7
/opt/clion-2020.3/bin/cmake/linux/bin/cmake -E cmake_link_script CMakeFiles/cmTC_b47b7.dir/link.txt --verbose=1
/usr/bin/cc -fPIC -DCMAKE_HAVE_LIBC_PTHREAD    CMakeFiles/cmTC_b47b7.dir/src.c.o  -o cmTC_b47b7 
/usr/bin/ld: CMakeFiles/cmTC_b47b7.dir/src.c.o: in function `main':
src.c:(.text+0x46): undefined reference to `pthread_create'
/usr/bin/ld: src.c:(.text+0x52): undefined reference to `pthread_detach'
/usr/bin/ld: src.c:(.text+0x5e): undefined reference to `pthread_cancel'
/usr/bin/ld: src.c:(.text+0x6f): undefined reference to `pthread_join'
collect2: error: ld returned 1 exit status
gmake[1]: *** [CMakeFiles/cmTC_b47b7.dir/build.make:107: cmTC_b47b7] Error 1
gmake[1]: Leaving directory '/home/mrdragon/Code/C/DIPlab3/cmake-build-debug/CMakeFiles/CMakeTmp'
gmake: *** [Makefile:141: cmTC_b47b7/fast] Error 2


Source file was:
#include <pthread.h>

void* test_func(void* data)
{
  return data;
}

int main(void)
{
  pthread_t thread;
  pthread_create(&thread, NULL, test_func, NULL);
  pthread_detach(thread);
  pthread_cancel(thread);
  pthread_join(thread, NULL);
  pthread_atfork(NULL, NULL, NULL);
  pthread_exit(NULL);

  return 0;
}

Determining if the function pthread_create exists in the pthreads failed with the following output:
Change Dir: /home/mrdragon/Code/C/DIPlab3/cmake-build-debug/CMakeFiles/CMakeTmp

Run Build Command(s):/usr/bin/gmake cmTC_ad4ed/fast && /usr/bin/gmake  -f CMakeFiles/cmTC_ad4ed.dir/build.make CMakeFiles/cmTC_ad4ed.dir/build
gmake[1]: Entering directory '/home/mrdragon/Code/C/DIPlab3/cmake-build-debug/CMakeFiles/CMakeTmp'
Building C object CMakeFiles/cmTC_ad4ed.dir/CheckFunctionExists.c.o
/usr/bin/cc   -fPIC -DCHECK_FUNCTION_EXISTS=pthread_create   -o CMakeFiles/cmTC_ad4ed.dir/CheckFunctionExists.c.o   -c /opt/clion-2020.3/bin/cmake/linux/share/cmake-3.17/Modules/CheckFunctionExists.c
Linking C executable cmTC_ad4ed
/opt/clion-2020.3/bin/cmake/linux/bin/cmake -E cmake_link_script CMakeFiles/cmTC_ad4ed.dir/link.txt --verbose=1
/usr/bin/cc -fPIC -DCHECK_FUNCTION_EXISTS=pthread_create    CMakeFiles/cmTC_ad4ed.dir/CheckFunctionExists.c.o  -o cmTC_ad4ed  -lpthreads 
/usr/bin/ld: cannot find -lpthreads
collect2: error: ld returned 1 exit status
gmake[1]: *** [CMakeFiles/cmTC_ad4ed.dir/build.make:107: cmTC_ad4ed] Error 1
gmake[1]: Leaving directory '/home/mrdragon/Code/C/DIPlab3/cmake-build-debug/CMakeFiles/CMakeTmp'
gmake: *** [Makefile:141: cmTC_ad4ed/fast] Error 2



